{
  "RSpec": {
    "coverage": {
      "/Users/rebeccaz/Developer/Columbia/Saas4152/SaaS_Project/NomNom/app/models/user.rb": {
        "lines": [
          1,
          null,
          null,
          1,
          null,
          null,
          1,
          1,
          1,
          null
        ]
      },
      "/Users/rebeccaz/Developer/Columbia/Saas4152/SaaS_Project/NomNom/app/models/application_record.rb": {
        "lines": [
          1,
          1,
          null
        ]
      },
      "/Users/rebeccaz/Developer/Columbia/Saas4152/SaaS_Project/NomNom/app/controllers/grocery_items_controller.rb": {
        "lines": [
          1,
          1,
          1,
          null,
          1,
          3,
          3,
          3,
          null,
          null,
          1,
          2,
          null,
          null,
          1,
          5,
          5,
          3,
          null,
          2,
          null,
          null,
          null,
          1,
          null,
          null,
          1,
          4,
          2,
          null,
          2,
          null,
          null,
          null,
          1,
          2,
          2,
          null,
          null,
          1,
          4,
          4,
          null,
          null,
          1,
          null,
          1,
          16,
          null,
          null,
          1,
          9,
          null,
          null
        ]
      },
      "/Users/rebeccaz/Developer/Columbia/Saas4152/SaaS_Project/NomNom/app/controllers/application_controller.rb": {
        "lines": [
          1,
          null,
          1,
          null,
          null,
          1,
          null
        ]
      },
      "/Users/rebeccaz/Developer/Columbia/Saas4152/SaaS_Project/NomNom/app/controllers/home_controller.rb": {
        "lines": [
          1,
          1,
          null
        ]
      },
      "/Users/rebeccaz/Developer/Columbia/Saas4152/SaaS_Project/NomNom/app/controllers/items_controller.rb": {
        "lines": [
          1,
          1,
          null,
          1,
          1,
          null,
          null,
          1,
          2,
          null,
          null,
          1,
          4,
          3,
          3,
          null,
          null,
          1,
          3,
          3,
          3,
          null,
          null,
          null,
          1,
          null,
          1,
          3,
          null,
          null
        ]
      },
      "/Users/rebeccaz/Developer/Columbia/Saas4152/SaaS_Project/NomNom/app/controllers/recipes_controller.rb": {
        "lines": [
          1,
          null,
          1,
          1,
          null,
          1,
          10,
          8,
          8,
          8,
          null,
          8,
          5,
          null,
          3,
          3,
          null,
          null,
          2,
          null,
          null,
          null,
          1,
          9,
          9,
          9,
          null,
          9,
          7,
          7,
          3,
          null,
          4,
          null,
          null,
          2,
          null,
          null,
          null
        ]
      },
      "/Users/rebeccaz/Developer/Columbia/Saas4152/SaaS_Project/NomNom/app/controllers/user_meal_ingredients_controller.rb": {
        "lines": [
          1,
          1,
          1,
          1,
          null,
          1,
          3,
          3,
          null,
          null,
          1,
          null,
          1,
          5,
          null,
          null,
          1,
          4,
          null,
          null
        ]
      },
      "/Users/rebeccaz/Developer/Columbia/Saas4152/SaaS_Project/NomNom/app/controllers/user_meals_controller.rb": {
        "lines": [
          1,
          1,
          null,
          1,
          1,
          1,
          null,
          null,
          1,
          1,
          1,
          1,
          1,
          null,
          null,
          1,
          2,
          null,
          2,
          1,
          null,
          1,
          1,
          1,
          null,
          null,
          null,
          1,
          1,
          1,
          null,
          null,
          null,
          null,
          null,
          null,
          null,
          1,
          null,
          2,
          null,
          null,
          null,
          1,
          1,
          null,
          null,
          1,
          3,
          2,
          2,
          null,
          null,
          null,
          1,
          null,
          1,
          2,
          null,
          null,
          null,
          null,
          null,
          null
        ]
      },
      "/Users/rebeccaz/Developer/Columbia/Saas4152/SaaS_Project/NomNom/app/mailers/application_mailer.rb": {
        "lines": [
          1,
          1,
          1,
          null
        ]
      },
      "/Users/rebeccaz/Developer/Columbia/Saas4152/SaaS_Project/NomNom/app/models/grocery_item.rb": {
        "lines": [
          1,
          1,
          null,
          1,
          1,
          null,
          6,
          6,
          5,
          null
        ]
      },
      "/Users/rebeccaz/Developer/Columbia/Saas4152/SaaS_Project/NomNom/app/models/user_meal_ingredient.rb": {
        "lines": [
          1,
          1,
          1,
          null
        ]
      },
      "/Users/rebeccaz/Developer/Columbia/Saas4152/SaaS_Project/NomNom/app/models/recipe_ingredient.rb": {
        "lines": [
          1,
          1,
          1,
          null
        ]
      },
      "/Users/rebeccaz/Developer/Columbia/Saas4152/SaaS_Project/NomNom/app/models/recipe.rb": {
        "lines": [
          1,
          1,
          1,
          null,
          1,
          2,
          2,
          null,
          null,
          null
        ]
      },
      "/Users/rebeccaz/Developer/Columbia/Saas4152/SaaS_Project/NomNom/app/models/user_meal.rb": {
        "lines": [
          1,
          1,
          1,
          1,
          1,
          3,
          null,
          52,
          52,
          null,
          null,
          1,
          6,
          12,
          null,
          null,
          null,
          1,
          12,
          null,
          null,
          null,
          1,
          4,
          null
        ]
      },
      "/Users/rebeccaz/Developer/Columbia/Saas4152/SaaS_Project/NomNom/app/models/item.rb": {
        "lines": [
          1,
          null
        ]
      },
      "/Users/rebeccaz/Developer/Columbia/Saas4152/SaaS_Project/NomNom/app/models/ingredient.rb": {
        "lines": [
          1,
          1,
          1,
          null
        ]
      }
    },
    "timestamp": 1761777105
  }
}
